{"C:\\Users\\LENOVO\\Desktop\\Nyoba\\NodeJs\\src\\app\\index.js": {"path":"C:\\Users\\LENOVO\\Desktop\\Nyoba\\NodeJs\\src\\app\\index.js","statementMap":{"0":{"start":{"line":5,"column":12},"end":{"line":5,"column":21}},"1":{"start":{"line":7,"column":0},"end":{"line":7,"column":24}},"2":{"start":{"line":9,"column":0},"end":{"line":9,"column":28}},"3":{"start":{"line":11,"column":0},"end":{"line":11,"column":31}},"4":{"start":{"line":13,"column":0},"end":{"line":13,"column":25}},"5":{"start":{"line":15,"column":0},"end":{"line":20,"column":3}},"6":{"start":{"line":16,"column":4},"end":{"line":19,"column":7}}},"fnMap":{"0":{"name":"(anonymous_0)","decl":{"start":{"line":15,"column":8},"end":{"line":15,"column":9}},"loc":{"start":{"line":15,"column":19},"end":{"line":20,"column":1}},"line":15}},"branchMap":{},"s":{"0":1,"1":1,"2":1,"3":1,"4":1,"5":1,"6":0},"f":{"0":0},"b":{},"_coverageSchema":"1a1c01bbd47fc00a2c39e90264f33305004495a9","hash":"9ca94e3b8d7d39a4dabb8c5c4c75cd92cc01afd1"}
,"C:\\Users\\LENOVO\\Desktop\\Nyoba\\NodeJs\\src\\controller\\todoController.js": {"path":"C:\\Users\\LENOVO\\Desktop\\Nyoba\\NodeJs\\src\\controller\\todoController.js","statementMap":{"0":{"start":{"line":3,"column":20},"end":{"line":3,"column":41}},"1":{"start":{"line":6,"column":8},"end":{"line":17,"column":9}},"2":{"start":{"line":7,"column":29},"end":{"line":7,"column":66}},"3":{"start":{"line":8,"column":12},"end":{"line":13,"column":14}},"4":{"start":{"line":16,"column":12},"end":{"line":16,"column":22}},"5":{"start":{"line":21,"column":8},"end":{"line":32,"column":9}},"6":{"start":{"line":22,"column":23},"end":{"line":22,"column":89}},"7":{"start":{"line":23,"column":12},"end":{"line":29,"column":15}},"8":{"start":{"line":31,"column":12},"end":{"line":31,"column":22}},"9":{"start":{"line":36,"column":8},"end":{"line":45,"column":9}},"10":{"start":{"line":37,"column":12},"end":{"line":37,"column":76}},"11":{"start":{"line":38,"column":12},"end":{"line":41,"column":15}},"12":{"start":{"line":44,"column":12},"end":{"line":44,"column":22}}},"fnMap":{"0":{"name":"(anonymous_0)","decl":{"start":{"line":5,"column":4},"end":{"line":5,"column":5}},"loc":{"start":{"line":5,"column":37},"end":{"line":18,"column":5}},"line":5},"1":{"name":"(anonymous_1)","decl":{"start":{"line":20,"column":4},"end":{"line":20,"column":5}},"loc":{"start":{"line":20,"column":34},"end":{"line":33,"column":5}},"line":20},"2":{"name":"(anonymous_2)","decl":{"start":{"line":35,"column":4},"end":{"line":35,"column":5}},"loc":{"start":{"line":35,"column":37},"end":{"line":46,"column":5}},"line":35}},"branchMap":{},"s":{"0":1,"1":1,"2":1,"3":1,"4":0,"5":0,"6":0,"7":0,"8":0,"9":0,"10":0,"11":0,"12":0},"f":{"0":1,"1":0,"2":0},"b":{},"_coverageSchema":"1a1c01bbd47fc00a2c39e90264f33305004495a9","hash":"31bd93ace16dafff93794b90186886261e449431"}
,"C:\\Users\\LENOVO\\Desktop\\Nyoba\\NodeJs\\src\\controller\\userController.js": {"path":"C:\\Users\\LENOVO\\Desktop\\Nyoba\\NodeJs\\src\\controller\\userController.js","statementMap":{"0":{"start":{"line":3,"column":20},"end":{"line":3,"column":37}},"1":{"start":{"line":7,"column":8},"end":{"line":18,"column":9}},"2":{"start":{"line":8,"column":24},"end":{"line":8,"column":60}},"3":{"start":{"line":9,"column":12},"end":{"line":15,"column":14}},"4":{"start":{"line":17,"column":12},"end":{"line":17,"column":22}},"5":{"start":{"line":22,"column":8},"end":{"line":33,"column":9}},"6":{"start":{"line":23,"column":26},"end":{"line":23,"column":59}},"7":{"start":{"line":24,"column":12},"end":{"line":29,"column":14}},"8":{"start":{"line":32,"column":12},"end":{"line":32,"column":22}}},"fnMap":{"0":{"name":"(anonymous_0)","decl":{"start":{"line":6,"column":4},"end":{"line":6,"column":5}},"loc":{"start":{"line":6,"column":39},"end":{"line":19,"column":5}},"line":6},"1":{"name":"(anonymous_1)","decl":{"start":{"line":21,"column":4},"end":{"line":21,"column":5}},"loc":{"start":{"line":21,"column":36},"end":{"line":34,"column":5}},"line":21}},"branchMap":{},"s":{"0":1,"1":0,"2":0,"3":0,"4":0,"5":0,"6":0,"7":0,"8":0},"f":{"0":0,"1":0},"b":{},"_coverageSchema":"1a1c01bbd47fc00a2c39e90264f33305004495a9","hash":"52eb45c5fc099359169ea7430161774062f9f6c9"}
,"C:\\Users\\LENOVO\\Desktop\\Nyoba\\NodeJs\\src\\database\\connection.js": {"path":"C:\\Users\\LENOVO\\Desktop\\Nyoba\\NodeJs\\src\\database\\connection.js","statementMap":{"0":{"start":{"line":4,"column":18},"end":{"line":8,"column":2}}},"fnMap":{},"branchMap":{},"s":{"0":1},"f":{},"b":{},"_coverageSchema":"1a1c01bbd47fc00a2c39e90264f33305004495a9","hash":"a86233917258eda64cd19805fd0f2f2565f24417"}
,"C:\\Users\\LENOVO\\Desktop\\Nyoba\\NodeJs\\src\\error\\clientError.js": {"path":"C:\\Users\\LENOVO\\Desktop\\Nyoba\\NodeJs\\src\\error\\clientError.js","statementMap":{"0":{"start":{"line":4,"column":8},"end":{"line":4,"column":23}},"1":{"start":{"line":5,"column":8},"end":{"line":5,"column":37}},"2":{"start":{"line":6,"column":8},"end":{"line":6,"column":34}}},"fnMap":{"0":{"name":"(anonymous_0)","decl":{"start":{"line":3,"column":4},"end":{"line":3,"column":5}},"loc":{"start":{"line":3,"column":42},"end":{"line":7,"column":5}},"line":3}},"branchMap":{"0":{"loc":{"start":{"line":3,"column":24},"end":{"line":3,"column":40}},"type":"default-arg","locations":[{"start":{"line":3,"column":37},"end":{"line":3,"column":40}}],"line":3}},"s":{"0":0,"1":0,"2":0},"f":{"0":0},"b":{"0":[0]},"_coverageSchema":"1a1c01bbd47fc00a2c39e90264f33305004495a9","hash":"ecd252b7b87100918f9f72ebe14ef9887424514b"}
,"C:\\Users\\LENOVO\\Desktop\\Nyoba\\NodeJs\\src\\error\\notFoundError.js": {"path":"C:\\Users\\LENOVO\\Desktop\\Nyoba\\NodeJs\\src\\error\\notFoundError.js","statementMap":{"0":{"start":{"line":5,"column":8},"end":{"line":5,"column":27}},"1":{"start":{"line":6,"column":8},"end":{"line":6,"column":36}}},"fnMap":{"0":{"name":"(anonymous_0)","decl":{"start":{"line":4,"column":4},"end":{"line":4,"column":5}},"loc":{"start":{"line":4,"column":25},"end":{"line":7,"column":5}},"line":4}},"branchMap":{},"s":{"0":0,"1":0},"f":{"0":0},"b":{},"_coverageSchema":"1a1c01bbd47fc00a2c39e90264f33305004495a9","hash":"cca1beff664ae308991662710ae5f58f56b3f269"}
,"C:\\Users\\LENOVO\\Desktop\\Nyoba\\NodeJs\\src\\middleware\\authMiddleware.js": {"path":"C:\\Users\\LENOVO\\Desktop\\Nyoba\\NodeJs\\src\\middleware\\authMiddleware.js","statementMap":{"0":{"start":{"line":3,"column":23},"end":{"line":20,"column":1}},"1":{"start":{"line":4,"column":18},"end":{"line":4,"column":42}},"2":{"start":{"line":5,"column":4},"end":{"line":9,"column":5}},"3":{"start":{"line":6,"column":8},"end":{"line":8,"column":10}},"4":{"start":{"line":10,"column":4},"end":{"line":18,"column":5}},"5":{"start":{"line":11,"column":8},"end":{"line":11,"column":61}},"6":{"start":{"line":12,"column":8},"end":{"line":12,"column":15}},"7":{"start":{"line":15,"column":8},"end":{"line":17,"column":10}}},"fnMap":{"0":{"name":"(anonymous_0)","decl":{"start":{"line":3,"column":23},"end":{"line":3,"column":24}},"loc":{"start":{"line":3,"column":39},"end":{"line":20,"column":1}},"line":3}},"branchMap":{"0":{"loc":{"start":{"line":5,"column":4},"end":{"line":9,"column":5}},"type":"if","locations":[{"start":{"line":5,"column":4},"end":{"line":9,"column":5}},{"start":{},"end":{}}],"line":5}},"s":{"0":1,"1":3,"2":3,"3":1,"4":2,"5":2,"6":1,"7":1},"f":{"0":3},"b":{"0":[1,2]},"_coverageSchema":"1a1c01bbd47fc00a2c39e90264f33305004495a9","hash":"3396ff86ee8dd424e3b9f6c292e9d8734354556f"}
,"C:\\Users\\LENOVO\\Desktop\\Nyoba\\NodeJs\\src\\middleware\\authorizationMiddleware.js": {"path":"C:\\Users\\LENOVO\\Desktop\\Nyoba\\NodeJs\\src\\middleware\\authorizationMiddleware.js","statementMap":{"0":{"start":{"line":3,"column":22},"end":{"line":6,"column":1}},"1":{"start":{"line":4,"column":19},"end":{"line":4,"column":30}},"2":{"start":{"line":5,"column":19},"end":{"line":5,"column":25}}},"fnMap":{"0":{"name":"(anonymous_0)","decl":{"start":{"line":3,"column":22},"end":{"line":3,"column":23}},"loc":{"start":{"line":3,"column":38},"end":{"line":6,"column":1}},"line":3}},"branchMap":{},"s":{"0":1,"1":0,"2":0},"f":{"0":0},"b":{},"_coverageSchema":"1a1c01bbd47fc00a2c39e90264f33305004495a9","hash":"08954947d22fe412e244723795b355b4967df499"}
,"C:\\Users\\LENOVO\\Desktop\\Nyoba\\NodeJs\\src\\middleware\\errorMiddleware.js": {"path":"C:\\Users\\LENOVO\\Desktop\\Nyoba\\NodeJs\\src\\middleware\\errorMiddleware.js","statementMap":{"0":{"start":{"line":3,"column":24},"end":{"line":18,"column":1}},"1":{"start":{"line":4,"column":4},"end":{"line":7,"column":5}},"2":{"start":{"line":5,"column":8},"end":{"line":5,"column":15}},"3":{"start":{"line":6,"column":8},"end":{"line":6,"column":15}},"4":{"start":{"line":8,"column":4},"end":{"line":13,"column":5}},"5":{"start":{"line":9,"column":8},"end":{"line":12,"column":11}},"6":{"start":{"line":14,"column":4},"end":{"line":17,"column":6}}},"fnMap":{"0":{"name":"(anonymous_0)","decl":{"start":{"line":3,"column":24},"end":{"line":3,"column":25}},"loc":{"start":{"line":3,"column":46},"end":{"line":18,"column":1}},"line":3}},"branchMap":{"0":{"loc":{"start":{"line":4,"column":4},"end":{"line":7,"column":5}},"type":"if","locations":[{"start":{"line":4,"column":4},"end":{"line":7,"column":5}},{"start":{},"end":{}}],"line":4},"1":{"loc":{"start":{"line":8,"column":4},"end":{"line":13,"column":5}},"type":"if","locations":[{"start":{"line":8,"column":4},"end":{"line":13,"column":5}},{"start":{},"end":{}}],"line":8}},"s":{"0":1,"1":0,"2":0,"3":0,"4":0,"5":0,"6":0},"f":{"0":0},"b":{"0":[0,0],"1":[0,0]},"_coverageSchema":"1a1c01bbd47fc00a2c39e90264f33305004495a9","hash":"3919a6bc396926b3c59ee9743a87ad28961c2dbc"}
,"C:\\Users\\LENOVO\\Desktop\\Nyoba\\NodeJs\\src\\model\\todolist.js": {"path":"C:\\Users\\LENOVO\\Desktop\\Nyoba\\NodeJs\\src\\model\\todolist.js","statementMap":{"0":{"start":{"line":6,"column":0},"end":{"line":22,"column":2}}},"fnMap":{},"branchMap":{},"s":{"0":1},"f":{},"b":{},"_coverageSchema":"1a1c01bbd47fc00a2c39e90264f33305004495a9","hash":"a0075462cb37ab0ef33fd9fbd5a149803cc33241"}
,"C:\\Users\\LENOVO\\Desktop\\Nyoba\\NodeJs\\src\\model\\user.js": {"path":"C:\\Users\\LENOVO\\Desktop\\Nyoba\\NodeJs\\src\\model\\user.js","statementMap":{"0":{"start":{"line":6,"column":0},"end":{"line":32,"column":2}}},"fnMap":{},"branchMap":{},"s":{"0":1},"f":{},"b":{},"_coverageSchema":"1a1c01bbd47fc00a2c39e90264f33305004495a9","hash":"24041043039cda02f5c6b238f5370bfeb2b2fdc5"}
,"C:\\Users\\LENOVO\\Desktop\\Nyoba\\NodeJs\\src\\repository\\todolistRepository.js": {"path":"C:\\Users\\LENOVO\\Desktop\\Nyoba\\NodeJs\\src\\repository\\todolistRepository.js","statementMap":{"0":{"start":{"line":4,"column":0},"end":{"line":8,"column":3}},"1":{"start":{"line":10,"column":0},"end":{"line":12,"column":3}},"2":{"start":{"line":18,"column":8},"end":{"line":18,"column":34}},"3":{"start":{"line":22,"column":8},"end":{"line":30,"column":11}},"4":{"start":{"line":34,"column":8},"end":{"line":34,"column":49}},"5":{"start":{"line":38,"column":8},"end":{"line":42,"column":10}},"6":{"start":{"line":46,"column":21},"end":{"line":46,"column":63}},"7":{"start":{"line":47,"column":8},"end":{"line":47,"column":23}},"8":{"start":{"line":51,"column":8},"end":{"line":55,"column":11}},"9":{"start":{"line":56,"column":8},"end":{"line":56,"column":20}},"10":{"start":{"line":60,"column":8},"end":{"line":64,"column":11}},"11":{"start":{"line":65,"column":8},"end":{"line":65,"column":20}}},"fnMap":{"0":{"name":"(anonymous_0)","decl":{"start":{"line":17,"column":4},"end":{"line":17,"column":5}},"loc":{"start":{"line":17,"column":18},"end":{"line":19,"column":5}},"line":17},"1":{"name":"(anonymous_1)","decl":{"start":{"line":21,"column":4},"end":{"line":21,"column":5}},"loc":{"start":{"line":21,"column":61},"end":{"line":31,"column":5}},"line":21},"2":{"name":"(anonymous_2)","decl":{"start":{"line":33,"column":4},"end":{"line":33,"column":5}},"loc":{"start":{"line":33,"column":22},"end":{"line":35,"column":5}},"line":33},"3":{"name":"(anonymous_3)","decl":{"start":{"line":37,"column":4},"end":{"line":37,"column":5}},"loc":{"start":{"line":37,"column":25},"end":{"line":43,"column":5}},"line":37},"4":{"name":"(anonymous_4)","decl":{"start":{"line":45,"column":4},"end":{"line":45,"column":5}},"loc":{"start":{"line":45,"column":32},"end":{"line":48,"column":5}},"line":45},"5":{"name":"(anonymous_5)","decl":{"start":{"line":50,"column":4},"end":{"line":50,"column":5}},"loc":{"start":{"line":50,"column":28},"end":{"line":57,"column":5}},"line":50},"6":{"name":"(anonymous_6)","decl":{"start":{"line":59,"column":4},"end":{"line":59,"column":5}},"loc":{"start":{"line":59,"column":20},"end":{"line":66,"column":5}},"line":59}},"branchMap":{"0":{"loc":{"start":{"line":21,"column":25},"end":{"line":21,"column":60}},"type":"default-arg","locations":[{"start":{"line":21,"column":38},"end":{"line":21,"column":60}}],"line":21}},"s":{"0":1,"1":1,"2":1,"3":1,"4":0,"5":0,"6":0,"7":0,"8":0,"9":0,"10":0,"11":0},"f":{"0":1,"1":1,"2":0,"3":0,"4":0,"5":0,"6":0},"b":{"0":[0]},"_coverageSchema":"1a1c01bbd47fc00a2c39e90264f33305004495a9","hash":"e308b7296c0526f7e35783cdd2aa1c1290a61a1c"}
,"C:\\Users\\LENOVO\\Desktop\\Nyoba\\NodeJs\\src\\repository\\userRepository.js": {"path":"C:\\Users\\LENOVO\\Desktop\\Nyoba\\NodeJs\\src\\repository\\userRepository.js","statementMap":{"0":{"start":{"line":6,"column":8},"end":{"line":6,"column":26}},"1":{"start":{"line":10,"column":8},"end":{"line":12,"column":11}},"2":{"start":{"line":17,"column":8},"end":{"line":17,"column":45}},"3":{"start":{"line":21,"column":8},"end":{"line":25,"column":10}},"4":{"start":{"line":29,"column":24},"end":{"line":29,"column":81}},"5":{"start":{"line":30,"column":8},"end":{"line":30,"column":26}}},"fnMap":{"0":{"name":"(anonymous_0)","decl":{"start":{"line":5,"column":4},"end":{"line":5,"column":5}},"loc":{"start":{"line":5,"column":18},"end":{"line":7,"column":5}},"line":5},"1":{"name":"(anonymous_1)","decl":{"start":{"line":9,"column":5},"end":{"line":9,"column":6}},"loc":{"start":{"line":9,"column":78},"end":{"line":13,"column":5}},"line":9},"2":{"name":"(anonymous_2)","decl":{"start":{"line":16,"column":4},"end":{"line":16,"column":5}},"loc":{"start":{"line":16,"column":22},"end":{"line":18,"column":5}},"line":16},"3":{"name":"(anonymous_3)","decl":{"start":{"line":20,"column":4},"end":{"line":20,"column":5}},"loc":{"start":{"line":20,"column":23},"end":{"line":26,"column":5}},"line":20},"4":{"name":"(anonymous_4)","decl":{"start":{"line":28,"column":4},"end":{"line":28,"column":5}},"loc":{"start":{"line":28,"column":50},"end":{"line":31,"column":5}},"line":28}},"branchMap":{"0":{"loc":{"start":{"line":9,"column":19},"end":{"line":9,"column":77}},"type":"default-arg","locations":[{"start":{"line":9,"column":32},"end":{"line":9,"column":77}}],"line":9}},"s":{"0":2,"1":0,"2":0,"3":3,"4":0,"5":0},"f":{"0":2,"1":0,"2":0,"3":3,"4":0},"b":{"0":[0]},"_coverageSchema":"1a1c01bbd47fc00a2c39e90264f33305004495a9","hash":"38a0daa083c477c2d99ba6f3c366272667552da7"}
,"C:\\Users\\LENOVO\\Desktop\\Nyoba\\NodeJs\\src\\route\\index.js": {"path":"C:\\Users\\LENOVO\\Desktop\\Nyoba\\NodeJs\\src\\route\\index.js","statementMap":{},"fnMap":{},"branchMap":{},"s":{},"f":{},"b":{},"_coverageSchema":"1a1c01bbd47fc00a2c39e90264f33305004495a9","hash":"e01b368943e3dd91df30092538bdf6157982ad87"}
,"C:\\Users\\LENOVO\\Desktop\\Nyoba\\NodeJs\\src\\route\\todoRoute.js": {"path":"C:\\Users\\LENOVO\\Desktop\\Nyoba\\NodeJs\\src\\route\\todoRoute.js","statementMap":{"0":{"start":{"line":6,"column":19},"end":{"line":6,"column":27}},"1":{"start":{"line":8,"column":0},"end":{"line":8,"column":31}},"2":{"start":{"line":10,"column":0},"end":{"line":10,"column":42}},"3":{"start":{"line":12,"column":0},"end":{"line":12,"column":40}},"4":{"start":{"line":14,"column":0},"end":{"line":14,"column":69}}},"fnMap":{},"branchMap":{},"s":{"0":1,"1":1,"2":1,"3":1,"4":1},"f":{},"b":{},"_coverageSchema":"1a1c01bbd47fc00a2c39e90264f33305004495a9","hash":"187489732d222be5f0ab78804a7cbed6bd3f0727"}
,"C:\\Users\\LENOVO\\Desktop\\Nyoba\\NodeJs\\src\\route\\userRoute.js": {"path":"C:\\Users\\LENOVO\\Desktop\\Nyoba\\NodeJs\\src\\route\\userRoute.js","statementMap":{"0":{"start":{"line":3,"column":18},"end":{"line":3,"column":26}},"1":{"start":{"line":7,"column":0},"end":{"line":7,"column":52}},"2":{"start":{"line":9,"column":0},"end":{"line":9,"column":46}}},"fnMap":{},"branchMap":{},"s":{"0":1,"1":1,"2":1},"f":{},"b":{},"_coverageSchema":"1a1c01bbd47fc00a2c39e90264f33305004495a9","hash":"a0c317698b5c39cb34c9f477b3e162f8524b2c81"}
,"C:\\Users\\LENOVO\\Desktop\\Nyoba\\NodeJs\\src\\service\\todoListService.js": {"path":"C:\\Users\\LENOVO\\Desktop\\Nyoba\\NodeJs\\src\\service\\todoListService.js","statementMap":{"0":{"start":{"line":9,"column":8},"end":{"line":9,"column":60}},"1":{"start":{"line":13,"column":8},"end":{"line":13,"column":73}},"2":{"start":{"line":17,"column":22},"end":{"line":17,"column":65}},"3":{"start":{"line":18,"column":8},"end":{"line":18,"column":60}},"4":{"start":{"line":18,"column":18},"end":{"line":18,"column":60}},"5":{"start":{"line":19,"column":8},"end":{"line":19,"column":20}},"6":{"start":{"line":23,"column":22},"end":{"line":23,"column":68}},"7":{"start":{"line":24,"column":8},"end":{"line":24,"column":60}},"8":{"start":{"line":24,"column":18},"end":{"line":24,"column":60}},"9":{"start":{"line":25,"column":8},"end":{"line":25,"column":20}},"10":{"start":{"line":29,"column":8},"end":{"line":29,"column":41}},"11":{"start":{"line":30,"column":8},"end":{"line":30,"column":68}},"12":{"start":{"line":34,"column":27},"end":{"line":34,"column":70}},"13":{"start":{"line":35,"column":8},"end":{"line":36,"column":36}},"14":{"start":{"line":35,"column":26},"end":{"line":35,"column":59}},"15":{"start":{"line":36,"column":13},"end":{"line":36,"column":36}},"16":{"start":{"line":37,"column":8},"end":{"line":37,"column":57}},"17":{"start":{"line":38,"column":8},"end":{"line":38,"column":20}},"18":{"start":{"line":42,"column":21},"end":{"line":42,"column":64}},"19":{"start":{"line":43,"column":8},"end":{"line":43,"column":60}},"20":{"start":{"line":43,"column":18},"end":{"line":43,"column":60}},"21":{"start":{"line":44,"column":8},"end":{"line":44,"column":57}}},"fnMap":{"0":{"name":"(anonymous_0)","decl":{"start":{"line":8,"column":4},"end":{"line":8,"column":5}},"loc":{"start":{"line":8,"column":18},"end":{"line":10,"column":5}},"line":8},"1":{"name":"(anonymous_1)","decl":{"start":{"line":12,"column":4},"end":{"line":12,"column":5}},"loc":{"start":{"line":12,"column":61},"end":{"line":14,"column":5}},"line":12},"2":{"name":"(anonymous_2)","decl":{"start":{"line":16,"column":4},"end":{"line":16,"column":5}},"loc":{"start":{"line":16,"column":24},"end":{"line":20,"column":5}},"line":16},"3":{"name":"(anonymous_3)","decl":{"start":{"line":22,"column":4},"end":{"line":22,"column":5}},"loc":{"start":{"line":22,"column":22},"end":{"line":26,"column":5}},"line":22},"4":{"name":"(anonymous_4)","decl":{"start":{"line":28,"column":4},"end":{"line":28,"column":5}},"loc":{"start":{"line":28,"column":29},"end":{"line":31,"column":5}},"line":28},"5":{"name":"(anonymous_5)","decl":{"start":{"line":33,"column":4},"end":{"line":33,"column":5}},"loc":{"start":{"line":33,"column":27},"end":{"line":39,"column":5}},"line":33},"6":{"name":"(anonymous_6)","decl":{"start":{"line":41,"column":4},"end":{"line":41,"column":5}},"loc":{"start":{"line":41,"column":20},"end":{"line":45,"column":5}},"line":41}},"branchMap":{"0":{"loc":{"start":{"line":12,"column":25},"end":{"line":12,"column":60}},"type":"default-arg","locations":[{"start":{"line":12,"column":38},"end":{"line":12,"column":60}}],"line":12},"1":{"loc":{"start":{"line":18,"column":8},"end":{"line":18,"column":60}},"type":"if","locations":[{"start":{"line":18,"column":8},"end":{"line":18,"column":60}},{"start":{},"end":{}}],"line":18},"2":{"loc":{"start":{"line":24,"column":8},"end":{"line":24,"column":60}},"type":"if","locations":[{"start":{"line":24,"column":8},"end":{"line":24,"column":60}},{"start":{},"end":{}}],"line":24},"3":{"loc":{"start":{"line":35,"column":8},"end":{"line":36,"column":36}},"type":"if","locations":[{"start":{"line":35,"column":8},"end":{"line":36,"column":36}},{"start":{"line":36,"column":13},"end":{"line":36,"column":36}}],"line":35},"4":{"loc":{"start":{"line":43,"column":8},"end":{"line":43,"column":60}},"type":"if","locations":[{"start":{"line":43,"column":8},"end":{"line":43,"column":60}},{"start":{},"end":{}}],"line":43}},"s":{"0":1,"1":1,"2":0,"3":0,"4":0,"5":0,"6":0,"7":0,"8":0,"9":0,"10":0,"11":0,"12":0,"13":0,"14":0,"15":0,"16":0,"17":0,"18":0,"19":0,"20":0,"21":0},"f":{"0":1,"1":1,"2":0,"3":0,"4":0,"5":0,"6":0},"b":{"0":[1],"1":[0,0],"2":[0,0],"3":[0,0],"4":[0,0]},"_coverageSchema":"1a1c01bbd47fc00a2c39e90264f33305004495a9","hash":"d7c54c896eca873f87347c3ffe7d34efce40d7cc"}
,"C:\\Users\\LENOVO\\Desktop\\Nyoba\\NodeJs\\src\\service\\userService.js": {"path":"C:\\Users\\LENOVO\\Desktop\\Nyoba\\NodeJs\\src\\service\\userService.js","statementMap":{"0":{"start":{"line":12,"column":8},"end":{"line":12,"column":52}},"1":{"start":{"line":16,"column":8},"end":{"line":16,"column":71}},"2":{"start":{"line":17,"column":21},"end":{"line":17,"column":72}},"3":{"start":{"line":18,"column":8},"end":{"line":18,"column":62}},"4":{"start":{"line":18,"column":17},"end":{"line":18,"column":62}},"5":{"start":{"line":20,"column":8},"end":{"line":20,"column":110}},"6":{"start":{"line":24,"column":8},"end":{"line":24,"column":53}},"7":{"start":{"line":25,"column":22},"end":{"line":25,"column":73}},"8":{"start":{"line":26,"column":8},"end":{"line":26,"column":70}},"9":{"start":{"line":26,"column":18},"end":{"line":26,"column":70}},"10":{"start":{"line":27,"column":26},"end":{"line":27,"column":70}},"11":{"start":{"line":28,"column":8},"end":{"line":28,"column":75}},"12":{"start":{"line":28,"column":23},"end":{"line":28,"column":75}},"13":{"start":{"line":29,"column":8},"end":{"line":29,"column":80}}},"fnMap":{"0":{"name":"(anonymous_0)","decl":{"start":{"line":11,"column":4},"end":{"line":11,"column":5}},"loc":{"start":{"line":11,"column":18},"end":{"line":13,"column":5}},"line":11},"1":{"name":"(anonymous_1)","decl":{"start":{"line":15,"column":4},"end":{"line":15,"column":5}},"loc":{"start":{"line":15,"column":52},"end":{"line":21,"column":5}},"line":15},"2":{"name":"(anonymous_2)","decl":{"start":{"line":23,"column":4},"end":{"line":23,"column":5}},"loc":{"start":{"line":23,"column":33},"end":{"line":30,"column":5}},"line":23}},"branchMap":{"0":{"loc":{"start":{"line":18,"column":8},"end":{"line":18,"column":62}},"type":"if","locations":[{"start":{"line":18,"column":8},"end":{"line":18,"column":62}},{"start":{},"end":{}}],"line":18},"1":{"loc":{"start":{"line":26,"column":8},"end":{"line":26,"column":70}},"type":"if","locations":[{"start":{"line":26,"column":8},"end":{"line":26,"column":70}},{"start":{},"end":{}}],"line":26},"2":{"loc":{"start":{"line":28,"column":8},"end":{"line":28,"column":75}},"type":"if","locations":[{"start":{"line":28,"column":8},"end":{"line":28,"column":75}},{"start":{},"end":{}}],"line":28}},"s":{"0":2,"1":0,"2":0,"3":0,"4":0,"5":0,"6":3,"7":3,"8":3,"9":0,"10":3,"11":3,"12":0,"13":3},"f":{"0":2,"1":0,"2":3},"b":{"0":[0,0],"1":[0,3],"2":[0,3]},"_coverageSchema":"1a1c01bbd47fc00a2c39e90264f33305004495a9","hash":"deae5e1bf0b42756c2d5a2fcb58240f78b5534ab"}
,"C:\\Users\\LENOVO\\Desktop\\Nyoba\\NodeJs\\src\\validator\\todo.js": {"path":"C:\\Users\\LENOVO\\Desktop\\Nyoba\\NodeJs\\src\\validator\\todo.js","statementMap":{"0":{"start":{"line":3,"column":21},"end":{"line":7,"column":1}},"1":{"start":{"line":4,"column":4},"end":{"line":6,"column":7}}},"fnMap":{"0":{"name":"(anonymous_0)","decl":{"start":{"line":3,"column":21},"end":{"line":3,"column":22}},"loc":{"start":{"line":3,"column":25},"end":{"line":7,"column":1}},"line":3}},"branchMap":{},"s":{"0":1,"1":0},"f":{"0":0},"b":{},"_coverageSchema":"1a1c01bbd47fc00a2c39e90264f33305004495a9","hash":"35be44881ed800bc35e4675f679749a94c5ea713"}
,"C:\\Users\\LENOVO\\Desktop\\Nyoba\\NodeJs\\src\\validator\\user.js": {"path":"C:\\Users\\LENOVO\\Desktop\\Nyoba\\NodeJs\\src\\validator\\user.js","statementMap":{"0":{"start":{"line":3,"column":27},"end":{"line":10,"column":1}},"1":{"start":{"line":4,"column":4},"end":{"line":9,"column":7}},"2":{"start":{"line":12,"column":24},"end":{"line":17,"column":1}},"3":{"start":{"line":13,"column":4},"end":{"line":16,"column":7}}},"fnMap":{"0":{"name":"(anonymous_0)","decl":{"start":{"line":3,"column":27},"end":{"line":3,"column":28}},"loc":{"start":{"line":3,"column":32},"end":{"line":10,"column":1}},"line":3},"1":{"name":"(anonymous_1)","decl":{"start":{"line":12,"column":24},"end":{"line":12,"column":25}},"loc":{"start":{"line":12,"column":28},"end":{"line":17,"column":1}},"line":12}},"branchMap":{},"s":{"0":1,"1":0,"2":1,"3":3},"f":{"0":0,"1":3},"b":{},"_coverageSchema":"1a1c01bbd47fc00a2c39e90264f33305004495a9","hash":"d091d40c2bc913e5be830bb156a58da2c084bfdc"}
,"C:\\Users\\LENOVO\\Desktop\\Nyoba\\NodeJs\\src\\validator\\validate.js": {"path":"C:\\Users\\LENOVO\\Desktop\\Nyoba\\NodeJs\\src\\validator\\validate.js","statementMap":{"0":{"start":{"line":3,"column":17},"end":{"line":9,"column":1}},"1":{"start":{"line":4,"column":27},"end":{"line":4,"column":49}},"2":{"start":{"line":5,"column":4},"end":{"line":7,"column":5}},"3":{"start":{"line":6,"column":8},"end":{"line":6,"column":45}},"4":{"start":{"line":8,"column":4},"end":{"line":8,"column":17}}},"fnMap":{"0":{"name":"(anonymous_0)","decl":{"start":{"line":3,"column":17},"end":{"line":3,"column":18}},"loc":{"start":{"line":3,"column":34},"end":{"line":9,"column":1}},"line":3}},"branchMap":{"0":{"loc":{"start":{"line":5,"column":4},"end":{"line":7,"column":5}},"type":"if","locations":[{"start":{"line":5,"column":4},"end":{"line":7,"column":5}},{"start":{},"end":{}}],"line":5}},"s":{"0":1,"1":3,"2":3,"3":0,"4":3},"f":{"0":3},"b":{"0":[0,3]},"_coverageSchema":"1a1c01bbd47fc00a2c39e90264f33305004495a9","hash":"cf46e82cccdd64c818b0743f7eeff6f18ee43ec6"}
,"C:\\Users\\LENOVO\\Desktop\\Nyoba\\NodeJs\\test\\util-test.js": {"path":"C:\\Users\\LENOVO\\Desktop\\Nyoba\\NodeJs\\test\\util-test.js","statementMap":{"0":{"start":{"line":5,"column":23},"end":{"line":12,"column":1}},"1":{"start":{"line":6,"column":4},"end":{"line":8,"column":7}},"2":{"start":{"line":9,"column":4},"end":{"line":11,"column":6}},"3":{"start":{"line":14,"column":23},"end":{"line":19,"column":1}},"4":{"start":{"line":15,"column":4},"end":{"line":18,"column":6}},"5":{"start":{"line":21,"column":15},"end":{"line":24,"column":1}},"6":{"start":{"line":22,"column":18},"end":{"line":22,"column":62}},"7":{"start":{"line":23,"column":4},"end":{"line":23,"column":23}},"8":{"start":{"line":26,"column":23},"end":{"line":29,"column":1}},"9":{"start":{"line":27,"column":4},"end":{"line":27,"column":77}},"10":{"start":{"line":28,"column":4},"end":{"line":28,"column":71}},"11":{"start":{"line":31,"column":23},"end":{"line":35,"column":1}},"12":{"start":{"line":32,"column":4},"end":{"line":34,"column":7}},"13":{"start":{"line":37,"column":18},"end":{"line":40,"column":1}},"14":{"start":{"line":38,"column":21},"end":{"line":38,"column":70}},"15":{"start":{"line":39,"column":4},"end":{"line":39,"column":26}}},"fnMap":{"0":{"name":"(anonymous_0)","decl":{"start":{"line":5,"column":23},"end":{"line":5,"column":24}},"loc":{"start":{"line":5,"column":33},"end":{"line":12,"column":1}},"line":5},"1":{"name":"(anonymous_1)","decl":{"start":{"line":14,"column":23},"end":{"line":14,"column":24}},"loc":{"start":{"line":14,"column":33},"end":{"line":19,"column":1}},"line":14},"2":{"name":"(anonymous_2)","decl":{"start":{"line":21,"column":15},"end":{"line":21,"column":16}},"loc":{"start":{"line":21,"column":26},"end":{"line":24,"column":1}},"line":21},"3":{"name":"(anonymous_3)","decl":{"start":{"line":26,"column":23},"end":{"line":26,"column":24}},"loc":{"start":{"line":26,"column":33},"end":{"line":29,"column":1}},"line":26},"4":{"name":"(anonymous_4)","decl":{"start":{"line":31,"column":23},"end":{"line":31,"column":24}},"loc":{"start":{"line":31,"column":33},"end":{"line":35,"column":1}},"line":31},"5":{"name":"(anonymous_5)","decl":{"start":{"line":37,"column":18},"end":{"line":37,"column":19}},"loc":{"start":{"line":37,"column":28},"end":{"line":40,"column":1}},"line":37}},"branchMap":{},"s":{"0":1,"1":3,"2":3,"3":1,"4":3,"5":1,"6":7,"7":7,"8":1,"9":3,"10":3,"11":1,"12":3,"13":1,"14":0,"15":0},"f":{"0":3,"1":3,"2":7,"3":3,"4":3,"5":0},"b":{},"_coverageSchema":"1a1c01bbd47fc00a2c39e90264f33305004495a9","hash":"2aa901ad91220cee510bed343131470ffcd239ba"}
}
